<?xml version="1.0" encoding="UTF-8"?>
<testsuite name="com.board.noticeboard.controller.ArticleControllerTest" tests="1" skipped="0" failures="0" errors="0" timestamp="2023-02-16T23:00:01" hostname="LEEKYUHWUN" time="0.849">
  <properties/>
  <testcase name="[view] [GET] 게시글 리스트 게시판 페이지 - 정상 호출" classname="com.board.noticeboard.controller.ArticleControllerTest" time="0.849"/>
  <system-out><![CDATA[07:59:58.385 [Test worker] DEBUG org.springframework.test.context.BootstrapUtils - Instantiating CacheAwareContextLoaderDelegate from class [org.springframework.test.context.cache.DefaultCacheAwareContextLoaderDelegate]
07:59:58.399 [Test worker] DEBUG org.springframework.test.context.BootstrapUtils - Instantiating BootstrapContext using constructor [public org.springframework.test.context.support.DefaultBootstrapContext(java.lang.Class,org.springframework.test.context.CacheAwareContextLoaderDelegate)]
07:59:58.455 [Test worker] DEBUG org.springframework.test.context.BootstrapUtils - Instantiating TestContextBootstrapper for test class [com.board.noticeboard.controller.ArticleControllerTest] from class [org.springframework.boot.test.autoconfigure.web.servlet.WebMvcTestContextBootstrapper]
07:59:58.474 [Test worker] INFO org.springframework.boot.test.autoconfigure.web.servlet.WebMvcTestContextBootstrapper - Neither @ContextConfiguration nor @ContextHierarchy found for test class [com.board.noticeboard.controller.ArticleControllerTest], using SpringBootContextLoader
07:59:58.480 [Test worker] DEBUG org.springframework.test.context.support.AbstractContextLoader - Did not detect default resource location for test class [com.board.noticeboard.controller.ArticleControllerTest]: class path resource [com/board/noticeboard/controller/ArticleControllerTest-context.xml] does not exist
07:59:58.481 [Test worker] DEBUG org.springframework.test.context.support.AbstractContextLoader - Did not detect default resource location for test class [com.board.noticeboard.controller.ArticleControllerTest]: class path resource [com/board/noticeboard/controller/ArticleControllerTestContext.groovy] does not exist
07:59:58.481 [Test worker] INFO org.springframework.test.context.support.AbstractContextLoader - Could not detect default resource locations for test class [com.board.noticeboard.controller.ArticleControllerTest]: no resource found for suffixes {-context.xml, Context.groovy}.
07:59:58.486 [Test worker] INFO org.springframework.test.context.support.AnnotationConfigContextLoaderUtils - Could not detect default configuration classes for test class [com.board.noticeboard.controller.ArticleControllerTest]: ArticleControllerTest does not declare any static, non-private, non-final, nested classes annotated with @Configuration.
07:59:58.585 [Test worker] DEBUG org.springframework.test.context.support.ActiveProfilesUtils - Could not find an 'annotation declaring class' for annotation type [org.springframework.test.context.ActiveProfiles] and class [com.board.noticeboard.controller.ArticleControllerTest]
07:59:58.673 [Test worker] DEBUG org.springframework.context.annotation.ClassPathScanningCandidateComponentProvider - Identified candidate component class: file [C:\vitaweb\notice-board\build\classes\java\main\com\board\noticeboard\NoticeBoardApplication.class]
07:59:58.674 [Test worker] INFO org.springframework.boot.test.context.SpringBootTestContextBootstrapper - Found @SpringBootConfiguration com.board.noticeboard.NoticeBoardApplication for test class com.board.noticeboard.controller.ArticleControllerTest
07:59:58.679 [Test worker] DEBUG org.springframework.boot.test.autoconfigure.web.servlet.WebMvcTestContextBootstrapper - @TestExecutionListeners is not present for class [com.board.noticeboard.controller.ArticleControllerTest]: using defaults.
07:59:58.680 [Test worker] INFO org.springframework.boot.test.autoconfigure.web.servlet.WebMvcTestContextBootstrapper - Loaded default TestExecutionListener class names from location [META-INF/spring.factories]: [org.springframework.boot.test.autoconfigure.restdocs.RestDocsTestExecutionListener, org.springframework.boot.test.autoconfigure.web.client.MockRestServiceServerResetTestExecutionListener, org.springframework.boot.test.autoconfigure.web.servlet.MockMvcPrintOnlyOnFailureTestExecutionListener, org.springframework.boot.test.autoconfigure.web.servlet.WebDriverTestExecutionListener, org.springframework.boot.test.autoconfigure.webservices.client.MockWebServiceServerTestExecutionListener, org.springframework.boot.test.mock.mockito.MockitoTestExecutionListener, org.springframework.boot.test.mock.mockito.ResetMocksTestExecutionListener, org.springframework.test.context.web.ServletTestExecutionListener, org.springframework.test.context.support.DirtiesContextBeforeModesTestExecutionListener, org.springframework.test.context.event.ApplicationEventsTestExecutionListener, org.springframework.test.context.support.DependencyInjectionTestExecutionListener, org.springframework.test.context.support.DirtiesContextTestExecutionListener, org.springframework.test.context.transaction.TransactionalTestExecutionListener, org.springframework.test.context.jdbc.SqlScriptsTestExecutionListener, org.springframework.test.context.event.EventPublishingTestExecutionListener]
07:59:58.702 [Test worker] INFO org.springframework.boot.test.autoconfigure.web.servlet.WebMvcTestContextBootstrapper - Using TestExecutionListeners: [org.springframework.test.context.web.ServletTestExecutionListener@7e38a7fe, org.springframework.test.context.support.DirtiesContextBeforeModesTestExecutionListener@366ef90e, org.springframework.test.context.event.ApplicationEventsTestExecutionListener@33e01298, org.springframework.boot.test.mock.mockito.MockitoTestExecutionListener@31e75d13, org.springframework.boot.test.autoconfigure.SpringBootDependencyInjectionTestExecutionListener@a5b0b86, org.springframework.test.context.support.DirtiesContextTestExecutionListener@4b3c354a, org.springframework.test.context.transaction.TransactionalTestExecutionListener@78fb9a67, org.springframework.test.context.jdbc.SqlScriptsTestExecutionListener@73ff4fae, org.springframework.test.context.event.EventPublishingTestExecutionListener@21aa6d6c, org.springframework.boot.test.autoconfigure.restdocs.RestDocsTestExecutionListener@b968a76, org.springframework.boot.test.autoconfigure.web.client.MockRestServiceServerResetTestExecutionListener@2f9a01c1, org.springframework.boot.test.autoconfigure.web.servlet.MockMvcPrintOnlyOnFailureTestExecutionListener@2611b9a3, org.springframework.boot.test.autoconfigure.web.servlet.WebDriverTestExecutionListener@54227100, org.springframework.boot.test.autoconfigure.webservices.client.MockWebServiceServerTestExecutionListener@6b5894c8, org.springframework.boot.test.mock.mockito.ResetMocksTestExecutionListener@1433046b]
07:59:58.709 [Test worker] DEBUG org.springframework.test.context.support.AbstractDirtiesContextTestExecutionListener - Before test class: context [DefaultTestContext@62fad19 testClass = ArticleControllerTest, testInstance = [null], testMethod = [null], testException = [null], mergedContextConfiguration = [WebMergedContextConfiguration@47dbb1e2 testClass = ArticleControllerTest, locations = '{}', classes = '{class com.board.noticeboard.NoticeBoardApplication}', contextInitializerClasses = '[]', activeProfiles = '{}', propertySourceLocations = '{}', propertySourceProperties = '{org.springframework.boot.test.autoconfigure.web.servlet.WebMvcTestContextBootstrapper=true}', contextCustomizers = set[org.springframework.boot.test.autoconfigure.OverrideAutoConfigurationContextCustomizerFactory$DisableAutoConfigurationContextCustomizer@1b73be9f, org.springframework.boot.test.autoconfigure.actuate.metrics.MetricsExportContextCustomizerFactory$DisableMetricExportContextCustomizer@366ac49b, org.springframework.boot.test.autoconfigure.filter.TypeExcludeFiltersContextCustomizer@abc047e3, org.springframework.boot.test.autoconfigure.properties.PropertyMappingContextCustomizer@d733fa0a, org.springframework.boot.test.autoconfigure.web.servlet.WebDriverContextCustomizerFactory$Customizer@43b6123e, [ImportsContextCustomizer@74cadd41 key = [org.springframework.boot.autoconfigure.cache.CacheAutoConfiguration, org.springframework.boot.autoconfigure.context.MessageSourceAutoConfiguration, org.springframework.boot.autoconfigure.data.web.SpringDataWebAutoConfiguration, org.springframework.boot.autoconfigure.freemarker.FreeMarkerAutoConfiguration, org.springframework.boot.autoconfigure.groovy.template.GroovyTemplateAutoConfiguration, org.springframework.boot.autoconfigure.gson.GsonAutoConfiguration, org.springframework.boot.autoconfigure.hateoas.HypermediaAutoConfiguration, org.springframework.boot.autoconfigure.http.HttpMessageConvertersAutoConfiguration, org.springframework.boot.autoconfigure.jackson.JacksonAutoConfiguration, org.springframework.boot.autoconfigure.jsonb.JsonbAutoConfiguration, org.springframework.boot.autoconfigure.mustache.MustacheAutoConfiguration, org.springframework.boot.autoconfigure.task.TaskExecutionAutoConfiguration, org.springframework.boot.autoconfigure.thymeleaf.ThymeleafAutoConfiguration, org.springframework.boot.autoconfigure.validation.ValidationAutoConfiguration, org.springframework.boot.autoconfigure.web.servlet.error.ErrorMvcAutoConfiguration, org.springframework.boot.autoconfigure.web.servlet.HttpEncodingAutoConfiguration, org.springframework.boot.autoconfigure.web.servlet.WebMvcAutoConfiguration, org.springframework.boot.test.autoconfigure.web.servlet.MockMvcAutoConfiguration, org.springframework.boot.test.autoconfigure.web.servlet.MockMvcWebClientAutoConfiguration, org.springframework.boot.test.autoconfigure.web.servlet.MockMvcWebDriverAutoConfiguration, org.springframework.boot.autoconfigure.security.oauth2.client.servlet.OAuth2ClientAutoConfiguration, org.springframework.boot.autoconfigure.security.oauth2.resource.servlet.OAuth2ResourceServerAutoConfiguration, org.springframework.boot.autoconfigure.security.servlet.SecurityAutoConfiguration, org.springframework.boot.autoconfigure.security.servlet.SecurityFilterAutoConfiguration, org.springframework.boot.autoconfigure.security.servlet.UserDetailsServiceAutoConfiguration, org.springframework.boot.test.autoconfigure.web.servlet.MockMvcSecurityConfiguration, org.springframework.boot.test.autoconfigure.web.reactive.WebTestClientAutoConfiguration]], org.springframework.boot.test.context.filter.ExcludeFilterContextCustomizer@3401a114, org.springframework.boot.test.json.DuplicateJsonObjectContextCustomizerFactory$DuplicateJsonObjectContextCustomizer@77d2e85, org.springframework.boot.test.mock.mockito.MockitoContextCustomizer@0, org.springframework.boot.test.context.SpringBootTestArgs@1, org.springframework.boot.test.context.SpringBootTestWebEnvironment@0], resourceBasePath = 'src/main/webapp', contextLoader = 'org.springframework.boot.test.context.SpringBootContextLoader', parent = [null]], attributes = map[[empty]]], class annotated with @DirtiesContext [false] with mode [null].

  .   ____          _            __ _ _
 /\\ / ___'_ __ _ _(_)_ __  __ _ \ \ \ \
( ( )\___ | '_ | '_| | '_ \/ _` | \ \ \ \
 \\/  ___)| |_)| | | | | || (_| |  ) ) ) )
  '  |____| .__|_| |_|_| |_\__, | / / / /
 =========|_|==============|___/=/_/_/_/
 :: Spring Boot ::                (v2.7.8)

2023-02-17 07:59:59.322  INFO 33924 --- [    Test worker] c.b.n.controller.ArticleControllerTest   : Starting ArticleControllerTest using Java 17.0.4.1 on LeeKyuHwun with PID 33924 (started by dlrbg in C:\vitaweb\notice-board)
2023-02-17 07:59:59.324 DEBUG 33924 --- [    Test worker] c.b.n.controller.ArticleControllerTest   : Running with Spring Boot v2.7.8, Spring v5.3.25
2023-02-17 07:59:59.325  INFO 33924 --- [    Test worker] c.b.n.controller.ArticleControllerTest   : No active profile set, falling back to 1 default profile: "default"
2023-02-17 08:00:01.294 DEBUG 33924 --- [    Test worker] s.w.s.m.m.a.RequestMappingHandlerAdapter : ControllerAdvice beans: 0 @ModelAttribute, 0 @InitBinder, 1 RequestBodyAdvice, 1 ResponseBodyAdvice
2023-02-17 08:00:01.425 DEBUG 33924 --- [    Test worker] s.w.s.m.m.a.RequestMappingHandlerMapping : 3 mappings in 'requestMappingHandlerMapping'
2023-02-17 08:00:01.482 DEBUG 33924 --- [    Test worker] o.s.w.s.handler.SimpleUrlHandlerMapping  : Patterns [/webjars/**, /**] in 'resourceHandlerMapping'
2023-02-17 08:00:01.498 DEBUG 33924 --- [    Test worker] .m.m.a.ExceptionHandlerExceptionResolver : ControllerAdvice beans: 0 @ExceptionHandler, 1 ResponseBodyAdvice
2023-02-17 08:00:01.724  INFO 33924 --- [    Test worker] o.s.b.t.m.w.SpringBootMockServletContext : Initializing Spring TestDispatcherServlet ''
2023-02-17 08:00:01.724  INFO 33924 --- [    Test worker] o.s.t.web.servlet.TestDispatcherServlet  : Initializing Servlet ''
2023-02-17 08:00:01.726  INFO 33924 --- [    Test worker] o.s.t.web.servlet.TestDispatcherServlet  : Completed initialization in 2 ms
2023-02-17 08:00:01.761  INFO 33924 --- [    Test worker] c.b.n.controller.ArticleControllerTest   : Started ArticleControllerTest in 3.0 seconds (JVM running for 4.401)
2023-02-17 08:00:02.366 DEBUG 33924 --- [    Test worker] s.w.s.m.m.a.RequestMappingHandlerMapping : Mapped to com.board.noticeboard.controller.ArticleController#articles(ModelMap)
2023-02-17 08:00:02.407 DEBUG 33924 --- [    Test worker] o.s.w.s.v.ContentNegotiatingViewResolver : Selected '*/*' given [*/*]
]]></system-out>
  <system-err><![CDATA[]]></system-err>
</testsuite>
